This is pdfTeX, Version 3.141592653-2.6-1.40.24 (MiKTeX 22.10) (preloaded format=pdflatex 2023.2.11)  30 NOV 2023 21:43
entering extended mode
 restricted \write18 enabled.
 %&-line parsing enabled.
**./HPC_O009_Group-9.tex
(HPC_O009_Group-9.tex
LaTeX2e <2022-06-01> patch level 5
L3 programming layer <2022-09-28>
(C:\Users\prath\AppData\Local\Programs\MiKTeX\tex/latex/ieeetran\IEEEtran.cls
Document Class: IEEEtran 2015/08/26 V1.8b by Michael Shell
-- See the "IEEEtran_HOWTO" manual for usage information.
-- http://www.michaelshell.org/tex/ieeetran/
\@IEEEtrantmpdimenA=\dimen138
\@IEEEtrantmpdimenB=\dimen139
\@IEEEtrantmpdimenC=\dimen140
\@IEEEtrantmpcountA=\count185
\@IEEEtrantmpcountB=\count186
\@IEEEtrantmpcountC=\count187
\@IEEEtrantmptoksA=\toks16
LaTeX Font Info:    Trying to load font information for OT1+ptm on input line 5
03.
(C:\Users\prath\AppData\Local\Programs\MiKTeX\tex/latex/psnfss\ot1ptm.fd
File: ot1ptm.fd 2001/06/04 font definitions for OT1/ptm.
)
-- Using 210mm x 297mm (a4) paper.
-- Using PDF output.
\@IEEEnormalsizeunitybaselineskip=\dimen141
-- This is a 10 point document.
\CLASSINFOnormalsizebaselineskip=\dimen142
\CLASSINFOnormalsizeunitybaselineskip=\dimen143
\IEEEnormaljot=\dimen144
LaTeX Font Info:    Font shape `OT1/ptm/bx/n' in size <5> not available
(Font)              Font shape `OT1/ptm/b/n' tried instead on input line 1090.
LaTeX Font Info:    Font shape `OT1/ptm/bx/it' in size <5> not available
(Font)              Font shape `OT1/ptm/b/it' tried instead on input line 1090.

LaTeX Font Info:    Font shape `OT1/ptm/bx/n' in size <7> not available
(Font)              Font shape `OT1/ptm/b/n' tried instead on input line 1090.
LaTeX Font Info:    Font shape `OT1/ptm/bx/it' in size <7> not available
(Font)              Font shape `OT1/ptm/b/it' tried instead on input line 1090.

LaTeX Font Info:    Font shape `OT1/ptm/bx/n' in size <8> not available
(Font)              Font shape `OT1/ptm/b/n' tried instead on input line 1090.
LaTeX Font Info:    Font shape `OT1/ptm/bx/it' in size <8> not available
(Font)              Font shape `OT1/ptm/b/it' tried instead on input line 1090.

LaTeX Font Info:    Font shape `OT1/ptm/bx/n' in size <9> not available
(Font)              Font shape `OT1/ptm/b/n' tried instead on input line 1090.
LaTeX Font Info:    Font shape `OT1/ptm/bx/it' in size <9> not available
(Font)              Font shape `OT1/ptm/b/it' tried instead on input line 1090.

LaTeX Font Info:    Font shape `OT1/ptm/bx/n' in size <10> not available
(Font)              Font shape `OT1/ptm/b/n' tried instead on input line 1090.
LaTeX Font Info:    Font shape `OT1/ptm/bx/it' in size <10> not available
(Font)              Font shape `OT1/ptm/b/it' tried instead on input line 1090.

LaTeX Font Info:    Font shape `OT1/ptm/bx/n' in size <11> not available
(Font)              Font shape `OT1/ptm/b/n' tried instead on input line 1090.
LaTeX Font Info:    Font shape `OT1/ptm/bx/it' in size <11> not available
(Font)              Font shape `OT1/ptm/b/it' tried instead on input line 1090.

LaTeX Font Info:    Font shape `OT1/ptm/bx/n' in size <12> not available
(Font)              Font shape `OT1/ptm/b/n' tried instead on input line 1090.
LaTeX Font Info:    Font shape `OT1/ptm/bx/it' in size <12> not available
(Font)              Font shape `OT1/ptm/b/it' tried instead on input line 1090.

LaTeX Font Info:    Font shape `OT1/ptm/bx/n' in size <17> not available
(Font)              Font shape `OT1/ptm/b/n' tried instead on input line 1090.
LaTeX Font Info:    Font shape `OT1/ptm/bx/it' in size <17> not available
(Font)              Font shape `OT1/ptm/b/it' tried instead on input line 1090.

LaTeX Font Info:    Font shape `OT1/ptm/bx/n' in size <20> not available
(Font)              Font shape `OT1/ptm/b/n' tried instead on input line 1090.
LaTeX Font Info:    Font shape `OT1/ptm/bx/it' in size <20> not available
(Font)              Font shape `OT1/ptm/b/it' tried instead on input line 1090.

LaTeX Font Info:    Font shape `OT1/ptm/bx/n' in size <24> not available
(Font)              Font shape `OT1/ptm/b/n' tried instead on input line 1090.
LaTeX Font Info:    Font shape `OT1/ptm/bx/it' in size <24> not available
(Font)              Font shape `OT1/ptm/b/it' tried instead on input line 1090.

\IEEEquantizedlength=\dimen145
\IEEEquantizedlengthdiff=\dimen146
\IEEEquantizedtextheightdiff=\dimen147
\IEEEilabelindentA=\dimen148
\IEEEilabelindentB=\dimen149
\IEEEilabelindent=\dimen150
\IEEEelabelindent=\dimen151
\IEEEdlabelindent=\dimen152
\IEEElabelindent=\dimen153
\IEEEiednormlabelsep=\dimen154
\IEEEiedmathlabelsep=\dimen155
\IEEEiedtopsep=\skip47
\c@section=\count188
\c@subsection=\count189
\c@subsubsection=\count190
\c@paragraph=\count191
\c@IEEEsubequation=\count192
\abovecaptionskip=\skip48
\belowcaptionskip=\skip49
\c@figure=\count193
\c@table=\count194
\@IEEEeqnnumcols=\count195
\@IEEEeqncolcnt=\count196
\@IEEEsubeqnnumrollback=\count197
\@IEEEquantizeheightA=\dimen156
\@IEEEquantizeheightB=\dimen157
\@IEEEquantizeheightC=\dimen158
\@IEEEquantizeprevdepth=\dimen159
\@IEEEquantizemultiple=\count198
\@IEEEquantizeboxA=\box51
\@IEEEtmpitemindent=\dimen160
\IEEEPARstartletwidth=\dimen161
\c@IEEEbiography=\count199
\@IEEEtranrubishbin=\box52
) (C:\Users\prath\AppData\Local\Programs\MiKTeX\tex/latex/graphics\graphicx.sty
Package: graphicx 2021/09/16 v1.2d Enhanced LaTeX Graphics (DPC,SPQR)
(C:\Users\prath\AppData\Local\Programs\MiKTeX\tex/latex/graphics\keyval.sty
Package: keyval 2022/05/29 v1.15 key=value parser (DPC)
\KV@toks@=\toks17
)
(C:\Users\prath\AppData\Local\Programs\MiKTeX\tex/latex/graphics\graphics.sty
Package: graphics 2022/03/10 v1.4e Standard LaTeX Graphics (DPC,SPQR)

(C:\Users\prath\AppData\Local\Programs\MiKTeX\tex/latex/graphics\trig.sty
Package: trig 2021/08/11 v1.11 sin cos tan (DPC)
)
(C:\Users\prath\AppData\Local\Programs\MiKTeX\tex/latex/graphics-cfg\graphics.c
fg
File: graphics.cfg 2016/06/04 v1.11 sample graphics configuration
)
Package graphics Info: Driver file: pdftex.def on input line 107.

(C:\Users\prath\AppData\Local\Programs\MiKTeX\tex/latex/graphics-def\pdftex.def
File: pdftex.def 2022/09/22 v1.2b Graphics/color driver for pdftex
\stockwidth=\dimen162
\stockheight=\dimen163
))
\Gin@req@height=\dimen164
\Gin@req@width=\dimen165
) (C:\Users\prath\AppData\Local\Programs\MiKTeX\tex/latex/graphics\color.sty
Package: color 2022/01/06 v1.3d Standard LaTeX Color (DPC)

(C:\Users\prath\AppData\Local\Programs\MiKTeX\tex/latex/graphics-cfg\color.cfg
File: color.cfg 2016/01/02 v1.6 sample color configuration
)
Package color Info: Driver file: pdftex.def on input line 149.
(C:\Users\prath\AppData\Local\Programs\MiKTeX\tex/latex/graphics\mathcolor.ltx)
) (C:\Users\prath\AppData\Local\Programs\MiKTeX\tex/latex/amsfonts\amssymb.sty
Package: amssymb 2013/01/14 v3.01 AMS font symbols

(C:\Users\prath\AppData\Local\Programs\MiKTeX\tex/latex/amsfonts\amsfonts.sty
Package: amsfonts 2013/01/14 v3.01 Basic AMSFonts support
\@emptytoks=\toks18
\symAMSa=\mathgroup4
\symAMSb=\mathgroup5
LaTeX Font Info:    Redeclaring math symbol \hbar on input line 98.
LaTeX Font Info:    Overwriting math alphabet `\mathfrak' in version `bold'
(Font)                  U/euf/m/n --> U/euf/b/n on input line 106.
)) (C:\Users\prath\AppData\Local\Programs\MiKTeX\tex/latex/amsmath\amsmath.sty
Package: amsmath 2022/04/08 v2.17n AMS math features
\@mathmargin=\skip50

For additional information on amsmath, use the `?' option.
(C:\Users\prath\AppData\Local\Programs\MiKTeX\tex/latex/amsmath\amstext.sty
Package: amstext 2021/08/26 v2.01 AMS text

(C:\Users\prath\AppData\Local\Programs\MiKTeX\tex/latex/amsmath\amsgen.sty
File: amsgen.sty 1999/11/30 v2.0 generic functions
\@emptytoks=\toks19
\ex@=\dimen166
))
(C:\Users\prath\AppData\Local\Programs\MiKTeX\tex/latex/amsmath\amsbsy.sty
Package: amsbsy 1999/11/29 v1.2d Bold Symbols
\pmbraise@=\dimen167
)
(C:\Users\prath\AppData\Local\Programs\MiKTeX\tex/latex/amsmath\amsopn.sty
Package: amsopn 2022/04/08 v2.04 operator names
)
\inf@bad=\count266
LaTeX Info: Redefining \frac on input line 234.
\uproot@=\count267
\leftroot@=\count268
LaTeX Info: Redefining \overline on input line 399.
LaTeX Info: Redefining \colon on input line 410.
\classnum@=\count269
\DOTSCASE@=\count270
LaTeX Info: Redefining \ldots on input line 496.
LaTeX Info: Redefining \dots on input line 499.
LaTeX Info: Redefining \cdots on input line 620.
\Mathstrutbox@=\box53
\strutbox@=\box54
LaTeX Info: Redefining \big on input line 722.
LaTeX Info: Redefining \Big on input line 723.
LaTeX Info: Redefining \bigg on input line 724.
LaTeX Info: Redefining \Bigg on input line 725.
\big@size=\dimen168
LaTeX Font Info:    Redeclaring font encoding OML on input line 743.
LaTeX Font Info:    Redeclaring font encoding OMS on input line 744.
\macc@depth=\count271
LaTeX Info: Redefining \bmod on input line 905.
LaTeX Info: Redefining \pmod on input line 910.
LaTeX Info: Redefining \smash on input line 940.
LaTeX Info: Redefining \relbar on input line 970.
LaTeX Info: Redefining \Relbar on input line 971.
\c@MaxMatrixCols=\count272
\dotsspace@=\muskip16
\c@parentequation=\count273
\dspbrk@lvl=\count274
\tag@help=\toks20
\row@=\count275
\column@=\count276
\maxfields@=\count277
\andhelp@=\toks21
\eqnshift@=\dimen169
\alignsep@=\dimen170
\tagshift@=\dimen171
\tagwidth@=\dimen172
\totwidth@=\dimen173
\lineht@=\dimen174
\@envbody=\toks22
\multlinegap=\skip51
\multlinetaggap=\skip52
\mathdisplay@stack=\toks23
LaTeX Info: Redefining \[ on input line 2953.
LaTeX Info: Redefining \] on input line 2954.
)
(C:\Users\prath\AppData\Local\Programs\MiKTeX\tex/latex/framed\framed.sty
Package: framed 2011/10/22 v 0.96: framed or shaded text with page breaks
\OuterFrameSep=\skip53
\fb@frw=\dimen175
\fb@frh=\dimen176
\FrameRule=\dimen177
\FrameSep=\dimen178
)
(C:\Users\prath\AppData\Local\Programs\MiKTeX\tex/latex/clrscode\clrscode.sty
Package: clrscode 2007/03/29 v1.7 format pseudocode

(C:\Users\prath\AppData\Local\Programs\MiKTeX\tex/latex/base\latexsym.sty
Package: latexsym 1998/08/17 v2.2e Standard LaTeX package (lasy symbols)
\symlasy=\mathgroup6
LaTeX Font Info:    Overwriting symbol font `lasy' in version `bold'
(Font)                  U/lasy/m/n --> U/lasy/b/n on input line 52.
)
\c@codelinenumber=\count278
\c@indent=\count279
\digitwidth=\skip54
\savecode=\box55
\codeboxwidth=\skip55
\c@thisindent=\count280
)
(C:\Users\prath\AppData\Local\Programs\MiKTeX\tex/latex/amscls\amsthm.sty
Package: amsthm 2020/05/29 v2.20.6
\thm@style=\toks24
\thm@bodyfont=\toks25
\thm@headfont=\toks26
\thm@notefont=\toks27
\thm@headpunct=\toks28
\thm@preskip=\skip56
\thm@postskip=\skip57
\thm@headsep=\skip58
\dth@everypar=\toks29
)
(C:\Users\prath\AppData\Local\Programs\MiKTeX\tex/latex/epstopdf-pkg\epstopdf.s
ty
Package: epstopdf 2020-01-24 v2.11 Conversion with epstopdf on the fly (HO)

(C:\Users\prath\AppData\Local\Programs\MiKTeX\tex/generic/infwarerr\infwarerr.s
ty
Package: infwarerr 2019/12/03 v1.5 Providing info/warning/error messages (HO)
) (C:\Users\prath\AppData\Local\Programs\MiKTeX\tex/latex/grfext\grfext.sty
Package: grfext 2019/12/03 v1.3 Manage graphics extensions (HO)

(C:\Users\prath\AppData\Local\Programs\MiKTeX\tex/generic/kvdefinekeys\kvdefine
keys.sty
Package: kvdefinekeys 2019-12-19 v1.6 Define keys (HO)
))
(C:\Users\prath\AppData\Local\Programs\MiKTeX\tex/latex/kvoptions\kvoptions.sty
Package: kvoptions 2022-06-15 v3.15 Key value format for package options (HO)
(C:\Users\prath\AppData\Local\Programs\MiKTeX\tex/generic/ltxcmds\ltxcmds.sty
Package: ltxcmds 2020-05-10 v1.25 LaTeX kernel commands for general use (HO)
)
(C:\Users\prath\AppData\Local\Programs\MiKTeX\tex/latex/kvsetkeys\kvsetkeys.sty
Package: kvsetkeys 2022-10-05 v1.19 Key value parser (HO)
))
(C:\Users\prath\AppData\Local\Programs\MiKTeX\tex/generic/pdftexcmds\pdftexcmds
.sty
Package: pdftexcmds 2020-06-27 v0.33 Utility functions of pdfTeX for LuaTeX (HO
)
 (C:\Users\prath\AppData\Local\Programs\MiKTeX\tex/generic/iftex\iftex.sty
Package: iftex 2022/02/03 v1.0f TeX engine tests
)
Package pdftexcmds Info: \pdf@primitive is available.
Package pdftexcmds Info: \pdf@ifprimitive is available.
Package pdftexcmds Info: \pdfdraftmode found.
)
(C:\Users\prath\AppData\Local\Programs\MiKTeX\tex/latex/epstopdf-pkg\epstopdf-b
ase.sty
Package: epstopdf-base 2020-01-24 v2.11 Base part for package epstopdf
Package epstopdf-base Info: Redefining graphics rule for `.eps' on input line 4
85.
Package grfext Info: Graphics extension search list:
(grfext)             [.pdf,.png,.jpg,.mps,.jpeg,.jbig2,.jb2,.PDF,.PNG,.JPG,.JPE
G,.JBIG2,.JB2,.eps]
(grfext)             \AppendGraphicsExtensions on input line 504.

(C:\Users\prath\AppData\Local\Programs\MiKTeX\tex/latex/00miktex\epstopdf-sys.c
fg
File: epstopdf-sys.cfg 2021/03/18 v2.0 Configuration of epstopdf for MiKTeX
)))
(C:\Users\prath\AppData\Local\Programs\MiKTeX\tex/latex/graphics\epsfig.sty
Package: epsfig 2017/06/25 v1.7b (e)psfig emulation (SPQR)
\epsfxsize=\dimen179
\epsfysize=\dimen180
)
(C:\Users\prath\AppData\Local\Programs\MiKTeX\tex/latex/tools\enumerate.sty
Package: enumerate 2015/07/23 v3.00 enumerate extensions (DPC)
\@enLab=\toks30
)
(C:\Users\prath\AppData\Local\Programs\MiKTeX\tex/latex/url\url.sty
\Urlmuskip=\muskip17
Package: url 2013/09/16  ver 3.4  Verb mode for urls, etc.
)
(C:\Users\prath\AppData\Local\Programs\MiKTeX\tex/latex/preprint\balance.sty
Package: balance 1999/02/23 4.3 (PWD)
\oldvsize=\dimen181
)
(C:\Users\prath\AppData\Local\Programs\MiKTeX\tex/latex/cite\cite.sty
LaTeX Info: Redefining \cite on input line 302.
LaTeX Info: Redefining \nocite on input line 332.
Package: cite 2015/02/27  v 5.5
)
** ATTENTION: Overriding command lockouts (line 9).
(C:\Users\prath\AppData\Local\Programs\MiKTeX\tex/latex/caption\caption.sty
Package: caption 2022/03/01 v3.6b Customizing captions (AR)

(C:\Users\prath\AppData\Local\Programs\MiKTeX\tex/latex/caption\caption3.sty
Package: caption3 2022/03/17 v2.3b caption3 kernel (AR)
\caption@tempdima=\dimen182
\captionmargin=\dimen183
\caption@leftmargin=\dimen184
\caption@rightmargin=\dimen185
\caption@width=\dimen186
\caption@indent=\dimen187
\caption@parindent=\dimen188
\caption@hangindent=\dimen189
Package caption Info: Unknown document class (or package),
(caption)             standard defaults will be used.
Package caption Info: \@makecaption = \long macro:#1#2->\ifx \@captype \@IEEEta
blestring \footnotesize \bgroup \par \centering \@IEEEtabletopskipstrut {\norma
lfont \footnotesize #1}\\{\normalfont \footnotesize \scshape #2}\par \addvspace
 {0.5\baselineskip }\egroup \@IEEEtablecaptionsepspace \else \@IEEEfigurecaptio
nsepspace \setbox \@tempboxa \hbox {\normalfont \footnotesize {#1.}\nobreakspac
e \nobreakspace #2}\ifdim \wd \@tempboxa >\hsize \setbox \@tempboxa \hbox {\nor
malfont \footnotesize {#1.}\nobreakspace \nobreakspace }\parbox [t]{\hsize }{\n
ormalfont \footnotesize \noindent \unhbox \@tempboxa #2}\else \ifCLASSOPTIONcon
ference \hbox to\hsize {\normalfont \footnotesize \hfil \box \@tempboxa \hfil }
\else \hbox to\hsize {\normalfont \footnotesize \box \@tempboxa \hfil }\fi \fi 
\fi  on input line 1176.
)

Package caption Warning: Unknown document class (or package),
(caption)                standard defaults will be used.
See the caption package documentation for explanation.

\c@caption@flags=\count281
\c@continuedfloat=\count282
)
(C:\Users\prath\AppData\Local\Programs\MiKTeX\tex/latex/caption\subcaption.sty
Package: subcaption 2022/01/07 v1.5 Sub-captions (AR)
\c@subfigure=\count283
\c@subtable=\count284
) (C:\Users\prath\AppData\Local\Programs\MiKTeX\tex/latex/csquotes\csquotes.sty
Package: csquotes 2022-09-14 v5.2n context-sensitive quotations (JAW)

(C:\Users\prath\AppData\Local\Programs\MiKTeX\tex/latex/etoolbox\etoolbox.sty
Package: etoolbox 2020/10/05 v2.5k e-TeX tools for LaTeX (JAW)
\etb@tempcnta=\count285
)
\csq@reset=\count286
\csq@gtype=\count287
\csq@glevel=\count288
\csq@qlevel=\count289
\csq@maxlvl=\count290
\csq@tshold=\count291
\csq@ltx@everypar=\toks31

(C:\Users\prath\AppData\Local\Programs\MiKTeX\tex/latex/csquotes\csquotes.def
File: csquotes.def 2022-09-14 v5.2n csquotes generic definitions (JAW)
)
Package csquotes Info: Trying to load configuration file 'csquotes.cfg'...
Package csquotes Info: ... configuration file loaded successfully.

(C:\Users\prath\AppData\Local\Programs\MiKTeX\tex/latex/csquotes\csquotes.cfg
File: csquotes.cfg 
)) (C:\Users\prath\AppData\Local\Programs\MiKTeX\tex/latex/paralist\paralist.st
y
Package: paralist 2017/01/22 v2.7 Extended list environments
\pltopsep=\skip59
\plpartopsep=\skip60
\plitemsep=\skip61
\plparsep=\skip62
\pl@lab=\toks32
) (C:\Users\prath\AppData\Local\Programs\MiKTeX\tex/latex/lineno\lineno.sty
Package: lineno 2023/01/19 line numbers on paragraphs v5.1
\linenopenalty=\count292
\output=\toks33
\linenoprevgraf=\count293
\linenumbersep=\dimen190
\linenumberwidth=\dimen191
\c@linenumber=\count294
\c@pagewiselinenumber=\count295
\c@LN@truepage=\count296
\c@internallinenumber=\count297
\c@internallinenumbers=\count298
\quotelinenumbersep=\dimen192
\bframerule=\dimen193
\bframesep=\dimen194
\bframebox=\box56
\linenoamsmath@ams@eqpen=\count299


LaTeX Warning: Command \@parboxrestore  has changed.
               Check if current package is valid.

LaTeX Info: Redefining \\ on input line 3131.
) (C:\Users\prath\AppData\Local\Programs\MiKTeX\tex/latex/xcolor\xcolor.sty
Package: xcolor 2022/06/12 v2.14 LaTeX color extensions (UK)

(C:\Users\prath\AppData\Local\Programs\MiKTeX\tex/latex/graphics-cfg\color.cfg
File: color.cfg 2016/01/02 v1.6 sample color configuration
)
Package xcolor Info: Driver file: pdftex.def on input line 227.
LaTeX Info: Redefining \color on input line 711.
(C:\Users\prath\AppData\Local\Programs\MiKTeX\tex/latex/graphics\mathcolor.ltx)
Package xcolor Info: Model `cmy' substituted by `cmy0' on input line 1353.
Package xcolor Info: Model `hsb' substituted by `rgb' on input line 1357.
Package xcolor Info: Model `RGB' extended on input line 1369.
Package xcolor Info: Model `HTML' substituted by `rgb' on input line 1371.
Package xcolor Info: Model `Hsb' substituted by `hsb' on input line 1372.
Package xcolor Info: Model `tHsb' substituted by `hsb' on input line 1373.
Package xcolor Info: Model `HSB' substituted by `hsb' on input line 1374.
Package xcolor Info: Model `Gray' substituted by `gray' on input line 1375.
Package xcolor Info: Model `wave' substituted by `hsb' on input line 1376.
)
(C:\Users\prath\AppData\Local\Programs\MiKTeX\tex/latex/algorithm2e\algorithm2e
.sty
Package: algorithm2e 2017/07/18 v5.2 algorithms environments
\c@AlgoLine=\count300
 (C:\Users\prath\AppData\Local\Programs\MiKTeX\tex/latex/base\ifthen.sty
Package: ifthen 2022/04/13 v1.1d Standard LaTeX ifthen package (DPC)
)
\algocf@hangindent=\skip63

(C:\Users\prath\AppData\Local\Programs\MiKTeX\tex/latex/ifoddpage\ifoddpage.sty
Package: ifoddpage 2022/10/18 v1.2 Conditionals for odd/even page detection
\c@checkoddpage=\count301
) (C:\Users\prath\AppData\Local\Programs\MiKTeX\tex/latex/tools\xspace.sty
Package: xspace 2014/10/28 v1.13 Space after command names (DPC,MH)
)
(C:\Users\prath\AppData\Local\Programs\MiKTeX\tex/latex/relsize\relsize.sty
Package: relsize 2013/03/29 ver 4.1
)
\skiptotal=\skip64
\skiplinenumber=\skip65
\skiprule=\skip66
\skiphlne=\skip67
\skiptext=\skip68
\skiplength=\skip69
\algomargin=\skip70
\skipalgocfslide=\skip71
\algowidth=\dimen195
\inoutsize=\dimen196
\inoutindent=\dimen197
\interspacetitleruled=\dimen198
\interspacealgoruled=\dimen199
\interspacetitleboxruled=\dimen256
\algocf@ruledwidth=\skip72
\algocf@inoutbox=\box57
\algocf@inputbox=\box58
\AlCapSkip=\skip73
\AlCapHSkip=\skip74
\algoskipindent=\skip75
\algocf@nlbox=\box59
\algocf@hangingbox=\box60
\algocf@untilbox=\box61
\algocf@skipuntil=\skip76
\algocf@capbox=\box62
\algocf@lcaptionbox=\skip77
\algoheightruledefault=\skip78
\algoheightrule=\skip79
\algotitleheightruledefault=\skip80
\algotitleheightrule=\skip81
\c@algocfline=\count302
\c@algocfproc=\count303
\c@algocf=\count304
\algocf@algoframe=\box63
\algocf@algobox=\box64
)
(C:\Users\prath\AppData\Local\Programs\MiKTeX\tex/latex/mathtools\mathtools.sty
Package: mathtools 2022/06/29 v1.29 mathematical typesetting tools
(C:\Users\prath\AppData\Local\Programs\MiKTeX\tex/latex/tools\calc.sty
Package: calc 2017/05/25 v4.3 Infix arithmetic (KKT,FJ)
\calc@Acount=\count305
\calc@Bcount=\count306
\calc@Adimen=\dimen257
\calc@Bdimen=\dimen258
\calc@Askip=\skip82
\calc@Bskip=\skip83
LaTeX Info: Redefining \setlength on input line 80.
LaTeX Info: Redefining \addtolength on input line 81.
\calc@Ccount=\count307
\calc@Cskip=\skip84
)
(C:\Users\prath\AppData\Local\Programs\MiKTeX\tex/latex/mathtools\mhsetup.sty
Package: mhsetup 2021/03/18 v1.4 programming setup (MH)
)
\g_MT_multlinerow_int=\count308
\l_MT_multwidth_dim=\dimen259
\origjot=\skip85
\l_MT_shortvdotswithinadjustabove_dim=\dimen260
\l_MT_shortvdotswithinadjustbelow_dim=\dimen261
\l_MT_above_intertext_sep=\dimen262
\l_MT_below_intertext_sep=\dimen263
\l_MT_above_shortintertext_sep=\dimen264
\l_MT_below_shortintertext_sep=\dimen265
\xmathstrut@box=\box65
\xmathstrut@dim=\dimen266
)
Package csquotes Info: Checking for multilingual support...
Package csquotes Info: ... none found.

(C:\Users\prath\AppData\Local\Programs\MiKTeX\tex/latex/l3backend\l3backend-pdf
tex.def
File: l3backend-pdftex.def 2022-09-28 L3 backend support: PDF output (pdfTeX)
\l__color_backend_stack_int=\count309
\l__pdf_internal_box=\box66
) (HPC_O009_Group-9.aux)
\openout1 = `HPC_O009_Group-9.aux'.

LaTeX Font Info:    Checking defaults for OML/cmm/m/it on input line 36.
LaTeX Font Info:    ... okay on input line 36.
LaTeX Font Info:    Checking defaults for OMS/cmsy/m/n on input line 36.
LaTeX Font Info:    ... okay on input line 36.
LaTeX Font Info:    Checking defaults for OT1/cmr/m/n on input line 36.
LaTeX Font Info:    ... okay on input line 36.
LaTeX Font Info:    Checking defaults for T1/cmr/m/n on input line 36.
LaTeX Font Info:    ... okay on input line 36.
LaTeX Font Info:    Checking defaults for TS1/cmr/m/n on input line 36.
LaTeX Font Info:    ... okay on input line 36.
LaTeX Font Info:    Checking defaults for OMX/cmex/m/n on input line 36.
LaTeX Font Info:    ... okay on input line 36.
LaTeX Font Info:    Checking defaults for U/cmr/m/n on input line 36.
LaTeX Font Info:    ... okay on input line 36.

-- Lines per column: 58 (exact).

(C:\Users\prath\AppData\Local\Programs\MiKTeX\tex/context/base/mkii\supp-pdf.mk
ii
[Loading MPS to PDF converter (version 2006.09.02).]
\scratchcounter=\count310
\scratchdimen=\dimen267
\scratchbox=\box67
\nofMPsegments=\count311
\nofMParguments=\count312
\everyMPshowfont=\toks34
\MPscratchCnt=\count313
\MPscratchDim=\dimen268
\MPnumerator=\count314
\makeMPintoPDFobject=\count315
\everyMPtoPDFconversion=\toks35
)
Package caption Info: Begin \AtBeginDocument code.
Package caption Info: End \AtBeginDocument code.
 [1{C:/Users/prath/AppData/Local/MiKTeX/fonts/map/pdftex/pdftex.map}


]

LaTeX Warning: No positions in optional float specifier.
               Default added (so using `tbp') on input line 127.

LaTeX Font Info:    Trying to load font information for U+msa on input line 129
.
(C:\Users\prath\AppData\Local\Programs\MiKTeX\tex/latex/amsfonts\umsa.fd
File: umsa.fd 2013/01/14 v3.01 AMS symbols A
)
LaTeX Font Info:    Trying to load font information for U+msb on input line 129
.

(C:\Users\prath\AppData\Local\Programs\MiKTeX\tex/latex/amsfonts\umsb.fd
File: umsb.fd 2013/01/14 v3.01 AMS symbols B
)
LaTeX Font Info:    Trying to load font information for U+lasy on input line 12
9.

(C:\Users\prath\AppData\Local\Programs\MiKTeX\tex/latex/base\ulasy.fd
File: ulasy.fd 1998/08/17 v2.2e LaTeX symbol font definitions
)
Underfull \hbox (badness 10000) in paragraph at lines 132--132
[]\OT1/ptm/b/n/8 SI
 []


Underfull \hbox (badness 10000) in paragraph at lines 134--134
[]\OT1/ptm/m/n/8 Kotyra
 []


Underfull \hbox (badness 10000) in paragraph at lines 134--134
\OT1/ptm/m/n/8 are dis-cussed in
 []


Underfull \hbox (badness 10000) in paragraph at lines 134--134
\OT1/ptm/m/n/8 o par-al-lelize flow
 []


Underfull \hbox (badness 10000) in paragraph at lines 134--134
\OT1/ptm/m/n/8 ac-cu-mu-la-tion
 []


Underfull \hbox (badness 10000) in paragraph at lines 134--134
\OT1/ptm/m/n/8 al-go-rithms: the
 []


Underfull \hbox (badness 10000) in paragraph at lines 134--134
\OT1/ptm/m/n/8 bottom-up ap-proach
 []


Underfull \hbox (badness 10000) in paragraph at lines 134--134
\OT1/ptm/m/n/8 and the top-down
 []


Underfull \hbox (badness 10000) in paragraph at lines 134--134
[]\OT1/ptm/m/n/8 Using 118 dis-tinct
 []


Underfull \hbox (badness 10000) in paragraph at lines 134--134
\OT1/ptm/m/n/8 com-pared six flow
 []


Underfull \hbox (badness 10000) in paragraph at lines 134--134
\OT1/ptm/m/n/8 ac-cu-mu-la-tion
 []


Underfull \hbox (badness 10000) in paragraph at lines 134--134
\OT1/ptm/m/n/8 meth-ods in
 []


Underfull \hbox (badness 10000) in paragraph at lines 134--134
\OT1/ptm/m/n/8 se-quen-tial, par-al-lel,
 []


Underfull \hbox (badness 10000) in paragraph at lines 134--134
\OT1/ptm/m/n/8 and task-based
 []


Underfull \hbox (badness 7221) in paragraph at lines 134--134
[]\OT1/ptm/m/n/8 The re-sult in-ferred
 []


Underfull \hbox (badness 10000) in paragraph at lines 134--134
[]\OT1/ptm/m/n/8 Compared to
 []


Underfull \hbox (badness 10000) in paragraph at lines 134--134
\OT1/ptm/m/n/8 se-quen-tial ver-sion,
 []


Underfull \hbox (badness 10000) in paragraph at lines 134--134
\OT1/ptm/m/n/8 the re-sults showed
 []


Underfull \hbox (badness 10000) in paragraph at lines 134--134
\OT1/ptm/m/n/8 a high cor-re-la-tion
 []


Underfull \hbox (badness 10000) in paragraph at lines 134--134
\OT1/ptm/m/n/8 of cores em-ployed
 []


Underfull \hbox (badness 10000) in paragraph at lines 134--135
[]\OT1/ptm/m/n/8 The study fo-cused
 []


Underfull \hbox (badness 10000) in paragraph at lines 134--135
\OT1/ptm/m/n/8 pri-mar-ily on the
 []


Underfull \hbox (badness 10000) in paragraph at lines 134--135
\OT1/ptm/m/n/8 de-vel-op-ment and
 []


Underfull \hbox (badness 10000) in paragraph at lines 134--135
\OT1/ptm/m/n/8 eval-u-a-tion of
 []


Underfull \hbox (badness 10000) in paragraph at lines 134--135
\OT1/ptm/m/n/8 flow ac-cu-mu-la-tion
 []


Underfull \hbox (badness 6252) in paragraph at lines 136--136
[]\OT1/ptm/m/n/8 Jong \OT1/ptm/m/it/8 et
 []


Underfull \hbox (badness 6944) in paragraph at lines 136--136
[]\OT1/ptm/m/n/8 The au-thors de-vel-
 []


Underfull \hbox (badness 4303) in paragraph at lines 136--136
\OT1/ptm/m/n/8 oped flow ac-cu-mu-
 []


Underfull \hbox (badness 2334) in paragraph at lines 136--136
\OT1/ptm/m/n/8 la-tion al-go-rithms to
 []


Underfull \hbox (badness 7631) in paragraph at lines 136--136
\OT1/ptm/m/n/8 de-ter-mine how the
 []


Underfull \hbox (badness 2205) in paragraph at lines 136--136
[]\OT1/ptm/m/n/8 The AMT-based al-
 []


Underfull \hbox (badness 10000) in paragraph at lines 136--136
[]\OT1/ptm/m/n/8 The AMT-based
 []


Underfull \hbox (badness 10000) in paragraph at lines 136--136
\OT1/ptm/m/n/8 al-go-rithms for
 []


Underfull \hbox (badness 10000) in paragraph at lines 136--136
\OT1/ptm/m/n/8 flow ac-cu-mu-la-tion
 []


Underfull \hbox (badness 10000) in paragraph at lines 136--136
\OT1/ptm/m/n/8 op-er-a-tions per-form
 []


Underfull \hbox (badness 10000) in paragraph at lines 136--136
\OT1/ptm/m/n/8 well in terms of
 []


Underfull \hbox (badness 10000) in paragraph at lines 136--136
\OT1/ptm/m/n/8 scal-a-bil-ity and
 []


Underfull \hbox (badness 4699) in paragraph at lines 136--137
\OT1/ptm/m/n/8 the per-for-mance of
 []


Underfull \hbox (badness 5578) in paragraph at lines 136--137
\OT1/ptm/m/n/8 the al-go-rithms was
 []


Underfull \hbox (badness 10000) in paragraph at lines 138--138
[]\OT1/ptm/m/n/8 Kotyra
 []


Underfull \hbox (badness 10000) in paragraph at lines 138--138
[]\OT1/ptm/m/n/8 Seven fast raster-
 []


Underfull \hbox (badness 10000) in paragraph at lines 138--138
\OT1/ptm/m/n/8 based al-go-rithms
 []


Underfull \hbox (badness 10000) in paragraph at lines 138--138
\OT1/ptm/m/n/8 to de-ter-mine the
 []


Underfull \hbox (badness 2547) in paragraph at lines 138--138
\OT1/ptm/m/n/8 flow di-rec-tion grids
 []


Underfull \hbox (badness 1776) in paragraph at lines 138--138
\OT1/ptm/m/n/8 us-ing a lin-ear time
 []


Underfull \hbox (badness 2495) in paragraph at lines 138--138
[]\OT1/ptm/m/n/8 Eight large datasets
 []


Underfull \hbox (badness 10000) in paragraph at lines 138--138
[]\OT1/ptm/m/n/8 The al-go-rithms
 []


Underfull \hbox (badness 10000) in paragraph at lines 138--138
\OT1/ptm/m/n/8 ob-tained sig-nif-i-cant
 []


Underfull \hbox (badness 4193) in paragraph at lines 138--138
\OT1/ptm/m/n/8 speedups of up to
 []


Underfull \hbox (badness 10000) in paragraph at lines 138--138
\OT1/ptm/m/n/8 30 times quicker
 []


Underfull \hbox (badness 10000) in paragraph at lines 138--138
\OT1/ptm/m/n/8 on Win-dows and
 []


Underfull \hbox (badness 3428) in paragraph at lines 138--138
\OT1/ptm/m/n/8 17 times faster on
 []


Underfull \hbox (badness 10000) in paragraph at lines 138--138
[]\OT1/ptm/m/n/8 The sug-gested
 []


Underfull \hbox (badness 3428) in paragraph at lines 138--138
\OT1/ptm/m/n/8 al-go-rithm per-formed
 []


Underfull \hbox (badness 10000) in paragraph at lines 138--138
\OT1/ptm/m/n/8 de-ter-min-ing longest
 []


Underfull \hbox (badness 10000) in paragraph at lines 138--139
[]\OT1/ptm/m/n/8 However, this
 []


Underfull \hbox (badness 10000) in paragraph at lines 138--139
\OT1/ptm/m/n/8 ap-proach might
 []


Underfull \hbox (badness 10000) in paragraph at lines 138--139
\OT1/ptm/m/n/8 not be ap-pli-ca-ble
 []


Underfull \hbox (badness 10000) in paragraph at lines 138--139
\OT1/ptm/m/n/8 un-steady flow
 []


Underfull \hbox (badness 10000) in paragraph at lines 138--139
\OT1/ptm/m/n/8 con-di-tions since
 []


Underfull \hbox (badness 3000) in paragraph at lines 138--139
\OT1/ptm/m/n/8 data and a steady-
 []


Underfull \hbox (badness 10000) in paragraph at lines 140--140
[]\OT1/ptm/m/n/8 Cho \OT1/ptm/m/it/8 et
 []


Underfull \hbox (badness 1546) in paragraph at lines 140--140
\OT1/ptm/m/n/8 al-go-rithm that com-
 []


Underfull \hbox (badness 10000) in paragraph at lines 140--140
[]\OT1/ptm/m/n/8 The sug-gested
 []


Underfull \hbox (badness 1515) in paragraph at lines 140--140
\OT1/ptm/m/n/8 method is eval-u-ated
 []


Underfull \hbox (badness 10000) in paragraph at lines 140--140
\OT1/ptm/m/n/8 through bench-mark
 []


Underfull \hbox (badness 10000) in paragraph at lines 140--140
\OT1/ptm/m/n/8 ex-per-i-ments
 []


Underfull \hbox (badness 4699) in paragraph at lines 140--140
\OT1/ptm/m/n/8 the per-for-mance of
 []


Underfull \hbox (badness 8170) in paragraph at lines 140--140
\OT1/ptm/m/n/8 the al-go-rithm with
 []


Underfull \hbox (badness 4872) in paragraph at lines 140--140
\OT1/ptm/m/n/8 flow path tool for
 []


Underfull \hbox (badness 10000) in paragraph at lines 140--140
[]\OT1/ptm/m/n/8 The al-go-rithm's
 []


Underfull \hbox (badness 10000) in paragraph at lines 140--140
\OT1/ptm/m/n/8 per-for-mance is
 []


Underfull \hbox (badness 10000) in paragraph at lines 140--140
\OT1/ptm/m/n/8 and mem-ory size,
 []


Underfull \hbox (badness 4927) in paragraph at lines 140--140
\OT1/ptm/m/n/8 and larger mem-ory
 []


Underfull \hbox (badness 10000) in paragraph at lines 140--140
\OT1/ptm/m/n/8 sizes re-sult-ing in
 []


Underfull \hbox (badness 10000) in paragraph at lines 140--140
\OT1/ptm/m/n/8 faster com-pu-ta-tion
 []


Underfull \hbox (badness 10000) in paragraph at lines 140--140
\OT1/ptm/m/n/8 traver-sal and
 []


Underfull \hbox (badness 10000) in paragraph at lines 140--140
\OT1/ptm/m/n/8 elim-i-nate in-fe-rior
 []


Underfull \hbox (badness 10000) in paragraph at lines 140--140
\OT1/ptm/m/n/8 neigh-bor cells,
 []


Underfull \hbox (badness 10000) in paragraph at lines 140--140
\OT1/ptm/m/n/8 the al-go-rithm
 []


Underfull \hbox (badness 10000) in paragraph at lines 140--140
\OT1/ptm/m/n/8 ad-di-tion-ally uses
 []


Underfull \hbox (badness 10000) in paragraph at lines 140--141
[]\OT1/ptm/m/n/8 One lim-i-ta-tion is
 []


Underfull \hbox (badness 5460) in paragraph at lines 140--141
\OT1/ptm/m/n/8 were con-ducted on
 []


Underfull \hbox (badness 10000) in paragraph at lines 143--143
[]\OT1/ptm/m/n/8 Huang
 []


Underfull \hbox (badness 10000) in paragraph at lines 143--143
\OT1/ptm/m/it/8 et al.
 []


Underfull \hbox (badness 10000) in paragraph at lines 143--143
\OT1/ptm/m/n/8 com-pre-hen-sive
 []


Underfull \hbox (badness 1546) in paragraph at lines 143--143
\OT1/ptm/m/n/8 study of in-memory
 []


Underfull \hbox (badness 10000) in paragraph at lines 143--143
\OT1/ptm/m/n/8 com-put-ing.They
 []


Underfull \hbox (badness 2865) in paragraph at lines 143--143
\OT1/ptm/m/n/8 ro-bust-ness, us-abil-ity,
 []


Underfull \hbox (badness 2359) in paragraph at lines 143--143
\OT1/ptm/m/n/8 and per-for-mance of
 []


Underfull \hbox (badness 10000) in paragraph at lines 143--143
[]\OT1/ptm/m/n/8 The au-thors
 []


Underfull \hbox (badness 10000) in paragraph at lines 143--143
\OT1/ptm/m/n/8 quan-ti-ta-tively
 []


Underfull \hbox (badness 10000) in paragraph at lines 143--143
\OT1/ptm/m/n/8 ex-am-ined the
 []


Underfull \hbox (badness 10000) in paragraph at lines 143--143
\OT1/ptm/m/n/8 work-flow end-
 []


Underfull \hbox (badness 10000) in paragraph at lines 143--143
\OT1/ptm/m/n/8 to-end time and
 []


Underfull \hbox (badness 10000) in paragraph at lines 143--143
\OT1/ptm/m/n/8 that in-memory
 []


Underfull \hbox (badness 10000) in paragraph at lines 143--143
\OT1/ptm/m/n/8 com-put-ing of-fers
 []


Underfull \hbox (badness 10000) in paragraph at lines 143--143
\OT1/ptm/m/n/8 much higher
 []


Underfull \hbox (badness 10000) in paragraph at lines 143--143
\OT1/ptm/m/n/8 scal-a-bil-ity and
 []


Underfull \hbox (badness 10000) in paragraph at lines 143--143
\OT1/ptm/m/n/8 per-for-mance than
 []


Underfull \hbox (badness 2343) in paragraph at lines 143--143
\OT1/ptm/m/n/8 the tra-di-tional post-
 []


Underfull \hbox (badness 10000) in paragraph at lines 143--143
\OT1/ptm/m/n/8 were to-wards
 []


Underfull \hbox (badness 10000) in paragraph at lines 143--143
\OT1/ptm/m/n/8 per-for-mance
 []


Underfull \hbox (badness 10000) in paragraph at lines 143--143
\OT1/ptm/m/n/8 main-te-nance,
 []


Underfull \hbox (badness 10000) in paragraph at lines 143--143
\OT1/ptm/m/n/8 sug-gest-ing it has
 []


Underfull \hbox (badness 10000) in paragraph at lines 143--143
\OT1/ptm/m/n/8 a sig-nif-i-cant role
 []


Underfull \hbox (badness 3375) in paragraph at lines 143--144
\OT1/ptm/m/n/8 con-strain the max-i-
 []


Underfull \hbox (badness 1552) in paragraph at lines 143--144
\OT1/ptm/m/n/8 RDMA mem-ory re-
 []


Underfull \hbox (badness 10000) in paragraph at lines 145--145
[]\OT1/ptm/m/n/8 Kotyra
 []


Underfull \hbox (badness 10000) in paragraph at lines 145--145
\OT1/ptm/m/it/8 et al.
 []


Underfull \hbox (badness 10000) in paragraph at lines 145--145
\OT1/ptm/m/n/8 a fast wa-ter-shed
 []


Underfull \hbox (badness 1910) in paragraph at lines 145--145
\OT1/ptm/m/n/8 for GPU. that uses
 []


Underfull \hbox (badness 7203) in paragraph at lines 145--145
\OT1/ptm/m/n/8 the pro-posed al-go-
 []


Underfull \hbox (badness 4467) in paragraph at lines 145--145
\OT1/ptm/m/n/8 rithm us-ing sev-eral
 []


Underfull \hbox (badness 3646) in paragraph at lines 145--145
[]\OT1/ptm/m/n/8 The re-sults showed
 []


Underfull \hbox (badness 10000) in paragraph at lines 145--145
\OT1/ptm/m/n/8 that the al-go-rithm
 []


Underfull \hbox (badness 10000) in paragraph at lines 145--145
\OT1/ptm/m/n/8 out-per-formed
 []


Underfull \hbox (badness 10000) in paragraph at lines 145--145
\OT1/ptm/m/n/8 tra-di-tional GIS
 []


Underfull \hbox (badness 10000) in paragraph at lines 145--145
[]\OT1/ptm/m/n/8 The al-go-rithm's
 []


Underfull \hbox (badness 10000) in paragraph at lines 145--145
\OT1/ptm/m/n/8 per-for-mance is
 []


Underfull \hbox (badness 10000) in paragraph at lines 145--145
\OT1/ptm/m/n/8 of hard-ware and
 []


Underfull \hbox (badness 4660) in paragraph at lines 145--146
\OT1/ptm/m/n/8 be suit-able for all
 []


Overfull \hbox (5.65097pt too wide) in paragraph at lines 147--147
[]\OT1/ptm/m/n/8 Stojanovic
 []


Underfull \hbox (badness 10000) in paragraph at lines 147--147
[]\OT1/ptm/m/n/8 The ex-per-i-men-tal
 []


Underfull \hbox (badness 10000) in paragraph at lines 147--147
\OT1/ptm/m/n/8 eval-u-a-tion is
 []


Underfull \hbox (badness 2057) in paragraph at lines 147--147
\OT1/ptm/m/n/8 large DEM datasets
 []


Underfull \hbox (badness 2799) in paragraph at lines 147--147
[]\OT1/ptm/m/n/8 The ap-proach over-
 []


Underfull \hbox (badness 7273) in paragraph at lines 147--147
[]\OT1/ptm/m/n/8 Two dif-fer-ent MPI
 []


Underfull \hbox (badness 2644) in paragraph at lines 147--148
\OT1/ptm/m/n/8 the study does not
 []


Underfull \hbox (badness 3138) in paragraph at lines 147--148
\OT1/ptm/m/n/8 cover other par-al-lel
 []


Underfull \hbox (badness 1910) in paragraph at lines 147--148
\OT1/ptm/m/n/8 put-ing meth-ods and
 []


Underfull \hbox (badness 1924) in paragraph at lines 147--148
\OT1/ptm/m/n/8 data pro-cess-ing and
 []


Underfull \hbox (badness 4479) in paragraph at lines 149--149
\OT1/ptm/m/n/8 a quan-ti-ta-tive anal-
 []


Underfull \hbox (badness 3000) in paragraph at lines 149--149
\OT1/ptm/m/n/8 y-sis on the caches
 []


Underfull \hbox (badness 3623) in paragraph at lines 149--149
\OT1/ptm/m/n/8 work-loads sim-u-lated
 []


Underfull \hbox (badness 10000) in paragraph at lines 149--149
[]\OT1/ptm/m/n/8 The eval-u-a-tion is
 []


Underfull \hbox (badness 10000) in paragraph at lines 149--149
\OT1/ptm/m/n/8 on the al-go-rithm's
 []


Underfull \hbox (badness 10000) in paragraph at lines 149--149
\OT1/ptm/m/n/8 per-for-mance were
 []


Underfull \hbox (badness 2564) in paragraph at lines 149--149
\OT1/ptm/m/n/8 work-loads com-pared
 []


Underfull \hbox (badness 10000) in paragraph at lines 149--149
[]\OT1/ptm/m/n/8 Data over-fetch
 []


Underfull \hbox (badness 2932) in paragraph at lines 149--149
\OT1/ptm/m/n/8 wastes around 50%
 []


Underfull \hbox (badness 10000) in paragraph at lines 149--149
\OT1/ptm/m/n/8 of cache ca-pac-ity
 []


Underfull \hbox (badness 10000) in paragraph at lines 149--149
\OT1/ptm/m/n/8 and other lim-ited
 []


Underfull \hbox (badness 7168) in paragraph at lines 149--150
[]\OT1/ptm/m/n/8 The lim-i-ta-tions in-
 []


Underfull \hbox (badness 4193) in paragraph at lines 149--150
\OT1/ptm/m/n/8 clude its fo-cus on
 []


Underfull \hbox (badness 4316) in paragraph at lines 149--150
\OT1/ptm/m/n/8 tec-tures, its lim-ited
 []


Underfull \hbox (badness 2828) in paragraph at lines 149--150
\OT1/ptm/m/n/8 ap-pli-ca-tion to other
 []


Underfull \hbox (badness 2205) in paragraph at lines 149--150
\OT1/ptm/m/n/8 types of work-loads,
 []


Underfull \hbox (badness 2635) in paragraph at lines 149--150
\OT1/ptm/m/n/8 and its in-abil-ity to
 []

[2] [3]

LaTeX Warning: No positions in optional float specifier.
               Default added (so using `tbp') on input line 190.

<./fig/Algorithm 4.jpg, id=14, 342.5598pt x 213.05196pt>
File: ./fig/Algorithm 4.jpg Graphic file (type jpg)
<use ./fig/Algorithm 4.jpg>
Package pdftex.def Info: ./fig/Algorithm 4.jpg  used on input line 192.
(pdftex.def)             Requested size: 258.0pt x 160.47125pt.

Overfull \hbox (6.0pt too wide) in paragraph at lines 192--193
 [][] 
 []


LaTeX Warning: No positions in optional float specifier.
               Default added (so using `tbp') on input line 197.

<./fig/Algorithm 5.jpg, id=15, 356.86926pt x 268.41078pt>
File: ./fig/Algorithm 5.jpg Graphic file (type jpg)
<use ./fig/Algorithm 5.jpg>
Package pdftex.def Info: ./fig/Algorithm 5.jpg  used on input line 199.
(pdftex.def)             Requested size: 258.0pt x 194.05835pt.

Overfull \hbox (6.0pt too wide) in paragraph at lines 199--200
 [][] 
 []


LaTeX Warning: No positions in optional float specifier.
               Default added (so using `tbp') on input line 204.

<./fig/Algorithm 6.jpg, id=16, 342.5598pt x 199.60974pt>
File: ./fig/Algorithm 6.jpg Graphic file (type jpg)
<use ./fig/Algorithm 6.jpg>
Package pdftex.def Info: ./fig/Algorithm 6.jpg  used on input line 206.
(pdftex.def)             Requested size: 258.0pt x 150.34654pt.

Overfull \hbox (6.0pt too wide) in paragraph at lines 206--207
 [][] 
 []


LaTeX Warning: No positions in optional float specifier.
               Default added (so using `tbp') on input line 211.

<./fig/Algorithm 7.jpg, id=17, 371.03418pt x 380.71835pt>
File: ./fig/Algorithm 7.jpg Graphic file (type jpg)
<use ./fig/Algorithm 7.jpg>
Package pdftex.def Info: ./fig/Algorithm 7.jpg  used on input line 213.
(pdftex.def)             Requested size: 258.0pt x 264.735pt.

Overfull \hbox (6.0pt too wide) in paragraph at lines 213--214
 [][] 
 []

(HPC_O009_Group-9.bbl [4] [5 <./fig/Algorithm 4.jpg> <./fig/Algorithm 5.jpg> <.
/fig/Algorithm 6.jpg> <./fig/Algorithm 7.jpg>]) [6

] (HPC_O009_Group-9.aux) ) 
Here is how much of TeX's memory you used:
 9596 strings out of 475385
 166131 string characters out of 2776907
 548319 words of memory out of 3000000
 30814 multiletter control sequences out of 15000+600000
 504914 words of font info for 96 fonts, out of 8000000 for 9000
 1141 hyphenation exceptions out of 8191
 55i,10n,63p,1382b,385s stack positions out of 10000i,1000n,20000p,200000b,80000s
{C:/Users/prath/AppData/Local/Programs/MiKTeX/fonts/e
nc/dvips/base/8r.enc}<C:/Users/prath/AppData/Local/Programs/MiKTeX/fonts/type1/
urw/times/utmb8a.pfb><C:/Users/prath/AppData/Local/Programs/MiKTeX/fonts/type1/
urw/times/utmr8a.pfb><C:/Users/prath/AppData/Local/Programs/MiKTeX/fonts/type1/
urw/times/utmri8a.pfb>
Output written on HPC_O009_Group-9.pdf (6 pages, 2300692 bytes).
PDF statistics:
 41 PDF objects out of 1000 (max. 8388607)
 0 named destinations out of 1000 (max. 500000)
 21 words of extra memory for PDF output out of 10000 (max. 10000000)

